%Warning-EOFNEWLINE: sram_top.v:84:10: Missing newline at end of file (POSIX 3.206).
                                     : ... Suggest add newline.
   84 | endmodule
      |          ^
                     ... For warning description see https://verilator.org/warn/EOFNEWLINE?v=4.228
                     ... Use "/* verilator lint_off EOFNEWLINE */" and lint_on around source to disable this message.
%Error: Exiting due to 1 warning(s)
make[1]: Entering directory '/home/hassan/nucleusrv/obj_dir'
ccache g++  -I.  -MMD -I/home/hassan/verilator/include -I/home/hassan/verilator/include/vltstd -DVM_COVERAGE=0 -DVM_SC=0 -DVM_TRACE=0 -DVM_TRACE_FST=0 -DVM_TRACE_VCD=0 -faligned-new -fcf-protection=none -Wno-bool-operation -Wno-sign-compare -Wno-uninitialized -Wno-unused-but-set-variable -Wno-unused-parameter -Wno-unused-variable -Wno-shadow      -std=gnu++17 -Os -c -o verilated.o /home/hassan/verilator/include/verilated.cpp
ccache g++  -I.  -MMD -I/home/hassan/verilator/include -I/home/hassan/verilator/include/vltstd -DVM_COVERAGE=0 -DVM_SC=0 -DVM_TRACE=0 -DVM_TRACE_FST=0 -DVM_TRACE_VCD=0 -faligned-new -fcf-protection=none -Wno-bool-operation -Wno-sign-compare -Wno-uninitialized -Wno-unused-but-set-variable -Wno-unused-parameter -Wno-unused-variable -Wno-shadow      -std=gnu++17 -Os -c -o VTop.o VTop.cpp
ccache g++  -I.  -MMD -I/home/hassan/verilator/include -I/home/hassan/verilator/include/vltstd -DVM_COVERAGE=0 -DVM_SC=0 -DVM_TRACE=0 -DVM_TRACE_FST=0 -DVM_TRACE_VCD=0 -faligned-new -fcf-protection=none -Wno-bool-operation -Wno-sign-compare -Wno-uninitialized -Wno-unused-but-set-variable -Wno-unused-parameter -Wno-unused-variable -Wno-shadow      -std=gnu++17 -Os -c -o VTop___024root__DepSet_h0d2e5939__0.o VTop___024root__DepSet_h0d2e5939__0.cpp
ccache g++  -I.  -MMD -I/home/hassan/verilator/include -I/home/hassan/verilator/include/vltstd -DVM_COVERAGE=0 -DVM_SC=0 -DVM_TRACE=0 -DVM_TRACE_FST=0 -DVM_TRACE_VCD=0 -faligned-new -fcf-protection=none -Wno-bool-operation -Wno-sign-compare -Wno-uninitialized -Wno-unused-but-set-variable -Wno-unused-parameter -Wno-unused-variable -Wno-shadow      -std=gnu++17 -Os -c -o VTop___024root__DepSet_h0d2e5939__1.o VTop___024root__DepSet_h0d2e5939__1.cpp
ccache g++  -I.  -MMD -I/home/hassan/verilator/include -I/home/hassan/verilator/include/vltstd -DVM_COVERAGE=0 -DVM_SC=0 -DVM_TRACE=0 -DVM_TRACE_FST=0 -DVM_TRACE_VCD=0 -faligned-new -fcf-protection=none -Wno-bool-operation -Wno-sign-compare -Wno-uninitialized -Wno-unused-but-set-variable -Wno-unused-parameter -Wno-unused-variable -Wno-shadow      -std=gnu++17 -Os -c -o VTop___024root__DepSet_h0d2e5939__2.o VTop___024root__DepSet_h0d2e5939__2.cpp
ccache g++  -I.  -MMD -I/home/hassan/verilator/include -I/home/hassan/verilator/include/vltstd -DVM_COVERAGE=0 -DVM_SC=0 -DVM_TRACE=0 -DVM_TRACE_FST=0 -DVM_TRACE_VCD=0 -faligned-new -fcf-protection=none -Wno-bool-operation -Wno-sign-compare -Wno-uninitialized -Wno-unused-but-set-variable -Wno-unused-parameter -Wno-unused-variable -Wno-shadow      -std=gnu++17  -c -o VTop__ConstPool_0.o VTop__ConstPool_0.cpp
ccache g++  -I.  -MMD -I/home/hassan/verilator/include -I/home/hassan/verilator/include/vltstd -DVM_COVERAGE=0 -DVM_SC=0 -DVM_TRACE=0 -DVM_TRACE_FST=0 -DVM_TRACE_VCD=0 -faligned-new -fcf-protection=none -Wno-bool-operation -Wno-sign-compare -Wno-uninitialized -Wno-unused-but-set-variable -Wno-unused-parameter -Wno-unused-variable -Wno-shadow      -std=gnu++17  -c -o VTop___024root__Slow.o VTop___024root__Slow.cpp
ccache g++  -I.  -MMD -I/home/hassan/verilator/include -I/home/hassan/verilator/include/vltstd -DVM_COVERAGE=0 -DVM_SC=0 -DVM_TRACE=0 -DVM_TRACE_FST=0 -DVM_TRACE_VCD=0 -faligned-new -fcf-protection=none -Wno-bool-operation -Wno-sign-compare -Wno-uninitialized -Wno-unused-but-set-variable -Wno-unused-parameter -Wno-unused-variable -Wno-shadow      -std=gnu++17  -c -o VTop___024root__DepSet_h0d2e5939__0__Slow.o VTop___024root__DepSet_h0d2e5939__0__Slow.cpp
ccache g++  -I.  -MMD -I/home/hassan/verilator/include -I/home/hassan/verilator/include/vltstd -DVM_COVERAGE=0 -DVM_SC=0 -DVM_TRACE=0 -DVM_TRACE_FST=0 -DVM_TRACE_VCD=0 -faligned-new -fcf-protection=none -Wno-bool-operation -Wno-sign-compare -Wno-uninitialized -Wno-unused-but-set-variable -Wno-unused-parameter -Wno-unused-variable -Wno-shadow      -std=gnu++17  -c -o VTop___024root__DepSet_h0d2e5939__1__Slow.o VTop___024root__DepSet_h0d2e5939__1__Slow.cpp
ccache g++  -I.  -MMD -I/home/hassan/verilator/include -I/home/hassan/verilator/include/vltstd -DVM_COVERAGE=0 -DVM_SC=0 -DVM_TRACE=0 -DVM_TRACE_FST=0 -DVM_TRACE_VCD=0 -faligned-new -fcf-protection=none -Wno-bool-operation -Wno-sign-compare -Wno-uninitialized -Wno-unused-but-set-variable -Wno-unused-parameter -Wno-unused-variable -Wno-shadow      -std=gnu++17  -c -o VTop__Syms.o VTop__Syms.cpp
echo "" > VTop__ALL.verilator_deplist.tmp
Archive ar -rcs VTop__ALL.a VTop.o VTop___024root__DepSet_h0d2e5939__0.o VTop___024root__DepSet_h0d2e5939__1.o VTop___024root__DepSet_h0d2e5939__2.o VTop__ConstPool_0.o VTop___024root__Slow.o VTop___024root__DepSet_h0d2e5939__0__Slow.o VTop___024root__DepSet_h0d2e5939__1__Slow.o VTop__Syms.o
g++    tb_Top.o verilated.o VTop__ALL.a      -o VTop
rm VTop__ALL.verilator_deplist.tmp
make[1]: Leaving directory '/home/hassan/nucleusrv/obj_dir'
